[2020-01-26 13:48:15] local.ERROR: SQLSTATE[42S22]: Column not found: 1054 Unknown column 'amount' in 'field list' (SQL: select sum(`amount`) as aggregate from `order_products` where `created_at` = 2020-01-27) {"userId":1,"exception":"[object] (Illuminate\\Database\\QueryException(code: 42S22): SQLSTATE[42S22]: Column not found: 1054 Unknown column 'amount' in 'field list' (SQL: select sum(`amount`) as aggregate from `order_products` where `created_at` = 2020-01-27) at E:\\Fahim_cafe_-Final\\Fahim cafe -Final\\NewProject-master-master\\vendor\\laravel\\framework\\src\\Illuminate\\Database\\Connection.php:665)
[stacktrace]
#0 E:\\Fahim_cafe_-Final\\Fahim cafe -Final\\NewProject-master-master\\vendor\\laravel\\framework\\src\\Illuminate\\Database\\Connection.php(625): Illuminate\\Database\\Connection->runQueryCallback('select sum(`amo...', Array, Object(Closure))
#1 E:\\Fahim_cafe_-Final\\Fahim cafe -Final\\NewProject-master-master\\vendor\\laravel\\framework\\src\\Illuminate\\Database\\Connection.php(334): Illuminate\\Database\\Connection->run('select sum(`amo...', Array, Object(Closure))
#2 E:\\Fahim_cafe_-Final\\Fahim cafe -Final\\NewProject-master-master\\vendor\\laravel\\framework\\src\\Illuminate\\Database\\Query\\Builder.php(2130): Illuminate\\Database\\Connection->select('select sum(`amo...', Array, true)
#3 E:\\Fahim_cafe_-Final\\Fahim cafe -Final\\NewProject-master-master\\vendor\\laravel\\framework\\src\\Illuminate\\Database\\Query\\Builder.php(2118): Illuminate\\Database\\Query\\Builder->runSelect()
#4 E:\\Fahim_cafe_-Final\\Fahim cafe -Final\\NewProject-master-master\\vendor\\laravel\\framework\\src\\Illuminate\\Database\\Query\\Builder.php(2584): Illuminate\\Database\\Query\\Builder->Illuminate\\Database\\Query\\{closure}()
#5 E:\\Fahim_cafe_-Final\\Fahim cafe -Final\\NewProject-master-master\\vendor\\laravel\\framework\\src\\Illuminate\\Database\\Query\\Builder.php(2119): Illuminate\\Database\\Query\\Builder->onceWithColumns(Array, Object(Closure))
#6 E:\\Fahim_cafe_-Final\\Fahim cafe -Final\\NewProject-master-master\\vendor\\laravel\\framework\\src\\Illuminate\\Database\\Query\\Builder.php(2511): Illuminate\\Database\\Query\\Builder->get(Array)
#7 E:\\Fahim_cafe_-Final\\Fahim cafe -Final\\NewProject-master-master\\vendor\\laravel\\framework\\src\\Illuminate\\Database\\Query\\Builder.php(2472): Illuminate\\Database\\Query\\Builder->aggregate('sum', Array)
#8 E:\\Fahim_cafe_-Final\\Fahim cafe -Final\\NewProject-master-master\\vendor\\laravel\\framework\\src\\Illuminate\\Database\\Eloquent\\Builder.php(1350): Illuminate\\Database\\Query\\Builder->sum('amount')
#9 E:\\Fahim_cafe_-Final\\Fahim cafe -Final\\NewProject-master-master\\app\\Http\\Controllers\\ReportController.php(39): Illuminate\\Database\\Eloquent\\Builder->__call('sum', Array)
#10 [internal function]: App\\Http\\Controllers\\ReportController->dateinput(Object(Illuminate\\Http\\Request))
#11 E:\\Fahim_cafe_-Final\\Fahim cafe -Final\\NewProject-master-master\\vendor\\laravel\\framework\\src\\Illuminate\\Routing\\Controller.php(54): call_user_func_array(Array, Array)
#12 E:\\Fahim_cafe_-Final\\Fahim cafe -Final\\NewProject-master-master\\vendor\\laravel\\framework\\src\\Illuminate\\Routing\\ControllerDispatcher.php(45): Illuminate\\Routing\\Controller->callAction('dateinput', Array)
#13 E:\\Fahim_cafe_-Final\\Fahim cafe -Final\\NewProject-master-master\\vendor\\laravel\\framework\\src\\Illuminate\\Routing\\Route.php(219): Illuminate\\Routing\\ControllerDispatcher->dispatch(Object(Illuminate\\Routing\\Route), Object(App\\Http\\Controllers\\ReportController), 'dateinput')
#14 E:\\Fahim_cafe_-Final\\Fahim cafe -Final\\NewProject-master-master\\vendor\\laravel\\framework\\src\\Illuminate\\Routing\\Route.php(176): Illuminate\\Routing\\Route->runController()
#15 E:\\Fahim_cafe_-Final\\Fahim cafe -Final\\NewProject-master-master\\vendor\\laravel\\framework\\src\\Illuminate\\Routing\\Router.php(680): Illuminate\\Routing\\Route->run()
#16 E:\\Fahim_cafe_-Final\\Fahim cafe -Final\\NewProject-master-master\\vendor\\laravel\\framework\\src\\Illuminate\\Pipeline\\Pipeline.php(130): Illuminate\\Routing\\Router->Illuminate\\Routing\\{closure}(Object(Illuminate\\Http\\Request))
#17 E:\\Fahim_cafe_-Final\\Fahim cafe -Final\\NewProject-master-master\\app\\Http\\Middleware\\Admin.php(22): Illuminate\\Pipeline\\Pipeline->Illuminate\\Pipeline\\{closure}(Object(Illuminate\\Http\\Request))
#18 E:\\Fahim_cafe_-Final\\Fahim cafe -Final\\NewProject-master-master\\vendor\\laravel\\framework\\src\\Illuminate\\Pipeline\\Pipeline.php(171): App\\Http\\Middleware\\Admin->handle(Object(Illuminate\\Http\\Request), Object(Closure))
#19 E:\\Fahim_cafe_-Final\\Fahim cafe -Final\\NewProject-master-master\\vendor\\laravel\\framework\\src\\Illuminate\\Routing\\Middleware\\SubstituteBindings.php(41): Illuminate\\Pipeline\\Pipeline->Illuminate\\Pipeline\\{closure}(Object(Illuminate\\Http\\Request))
#20 E:\\Fahim_cafe_-Final\\Fahim cafe -Final\\NewProject-master-master\\vendor\\laravel\\framework\\src\\Illuminate\\Pipeline\\Pipeline.php(171): Illuminate\\Routing\\Middleware\\SubstituteBindings->handle(Object(Illuminate\\Http\\Request), Object(Closure))
#21 E:\\Fahim_cafe_-Final\\Fahim cafe -Final\\NewProject-master-master\\vendor\\laravel\\framework\\src\\Illuminate\\Auth\\Middleware\\Authenticate.php(43): Illuminate\\Pipeline\\Pipeline->Illuminate\\Pipeline\\{closure}(Object(Illuminate\\Http\\Request))
#22 E:\\Fahim_cafe_-Final\\Fahim cafe -Final\\NewProject-master-master\\vendor\\laravel\\framework\\src\\Illuminate\\Pipeline\\Pipeline.php(171): Illuminate\\Auth\\Middleware\\Authenticate->handle(Object(Illuminate\\Http\\Request), Object(Closure))
#23 E:\\Fahim_cafe_-Final\\Fahim cafe -Final\\NewProject-master-master\\vendor\\laravel\\framework\\src\\Illuminate\\Foundation\\Http\\Middleware\\VerifyCsrfToken.php(76): Illuminate\\Pipeline\\Pipeline->Illuminate\\Pipeline\\{closure}(Object(Illuminate\\Http\\Request))
#24 E:\\Fahim_cafe_-Final\\Fahim cafe -Final\\NewProject-master-master\\vendor\\laravel\\framework\\src\\Illuminate\\Pipeline\\Pipeline.php(171): Illuminate\\Foundation\\Http\\Middleware\\VerifyCsrfToken->handle(Object(Illuminate\\Http\\Request), Object(Closure))
#25 E:\\Fahim_cafe_-Final\\Fahim cafe -Final\\NewProject-master-master\\vendor\\laravel\\framework\\src\\Illuminate\\View\\Middleware\\ShareErrorsFromSession.php(49): Illuminate\\Pipeline\\Pipeline->Illuminate\\Pipeline\\{closure}(Object(Illuminate\\Http\\Request))
#26 E:\\Fahim_cafe_-Final\\Fahim cafe -Final\\NewProject-master-master\\vendor\\laravel\\framework\\src\\Illuminate\\Pipeline\\Pipeline.php(171): Illuminate\\View\\Middleware\\ShareErrorsFromSession->handle(Object(Illuminate\\Http\\Request), Object(Closure))
#27 E:\\Fahim_cafe_-Final\\Fahim cafe -Final\\NewProject-master-master\\vendor\\laravel\\framework\\src\\Illuminate\\Session\\Middleware\\StartSession.php(56): Illuminate\\Pipeline\\Pipeline->Illuminate\\Pipeline\\{closure}(Object(Illuminate\\Http\\Request))
#28 E:\\Fahim_cafe_-Final\\Fahim cafe -Final\\NewProject-master-master\\vendor\\laravel\\framework\\src\\Illuminate\\Pipeline\\Pipeline.php(171): Illuminate\\Session\\Middleware\\StartSession->handle(Object(Illuminate\\Http\\Request), Object(Closure))
#29 E:\\Fahim_cafe_-Final\\Fahim cafe -Final\\NewProject-master-master\\vendor\\laravel\\framework\\src\\Illuminate\\Cookie\\Middleware\\AddQueuedCookiesToResponse.php(37): Illuminate\\Pipeline\\Pipeline->Illuminate\\Pipeline\\{closure}(Object(Illuminate\\Http\\Request))
#30 E:\\Fahim_cafe_-Final\\Fahim cafe -Final\\NewProject-master-master\\vendor\\laravel\\framework\\src\\Illuminate\\Pipeline\\Pipeline.php(171): Illuminate\\Cookie\\Middleware\\AddQueuedCookiesToResponse->handle(Object(Illuminate\\Http\\Request), Object(Closure))
#31 E:\\Fahim_cafe_-Final\\Fahim cafe -Final\\NewProject-master-master\\vendor\\laravel\\framework\\src\\Illuminate\\Cookie\\Middleware\\EncryptCookies.php(66): Illuminate\\Pipeline\\Pipeline->Illuminate\\Pipeline\\{closure}(Object(Illuminate\\Http\\Request))
#32 E:\\Fahim_cafe_-Final\\Fahim cafe -Final\\NewProject-master-master\\vendor\\laravel\\framework\\src\\Illuminate\\Pipeline\\Pipeline.php(171): Illuminate\\Cookie\\Middleware\\EncryptCookies->handle(Object(Illuminate\\Http\\Request), Object(Closure))
#33 E:\\Fahim_cafe_-Final\\Fahim cafe -Final\\NewProject-master-master\\vendor\\laravel\\framework\\src\\Illuminate\\Pipeline\\Pipeline.php(105): Illuminate\\Pipeline\\Pipeline->Illuminate\\Pipeline\\{closure}(Object(Illuminate\\Http\\Request))
#34 E:\\Fahim_cafe_-Final\\Fahim cafe -Final\\NewProject-master-master\\vendor\\laravel\\framework\\src\\Illuminate\\Routing\\Router.php(682): Illuminate\\Pipeline\\Pipeline->then(Object(Closure))
#35 E:\\Fahim_cafe_-Final\\Fahim cafe -Final\\NewProject-master-master\\vendor\\laravel\\framework\\src\\Illuminate\\Routing\\Router.php(657): Illuminate\\Routing\\Router->runRouteWithinStack(Object(Illuminate\\Routing\\Route), Object(Illuminate\\Http\\Request))
#36 E:\\Fahim_cafe_-Final\\Fahim cafe -Final\\NewProject-master-master\\vendor\\laravel\\framework\\src\\Illuminate\\Routing\\Router.php(623): Illuminate\\Routing\\Router->runRoute(Object(Illuminate\\Http\\Request), Object(Illuminate\\Routing\\Route))
#37 E:\\Fahim_cafe_-Final\\Fahim cafe -Final\\NewProject-master-master\\vendor\\laravel\\framework\\src\\Illuminate\\Routing\\Router.php(612): Illuminate\\Routing\\Router->dispatchToRoute(Object(Illuminate\\Http\\Request))
#38 E:\\Fahim_cafe_-Final\\Fahim cafe -Final\\NewProject-master-master\\vendor\\laravel\\framework\\src\\Illuminate\\Foundation\\Http\\Kernel.php(176): Illuminate\\Routing\\Router->dispatch(Object(Illuminate\\Http\\Request))
#39 E:\\Fahim_cafe_-Final\\Fahim cafe -Final\\NewProject-master-master\\vendor\\laravel\\framework\\src\\Illuminate\\Pipeline\\Pipeline.php(130): Illuminate\\Foundation\\Http\\Kernel->Illuminate\\Foundation\\Http\\{closure}(Object(Illuminate\\Http\\Request))
#40 E:\\Fahim_cafe_-Final\\Fahim cafe -Final\\NewProject-master-master\\vendor\\laravel\\framework\\src\\Illuminate\\Foundation\\Http\\Middleware\\TransformsRequest.php(21): Illuminate\\Pipeline\\Pipeline->Illuminate\\Pipeline\\{closure}(Object(Illuminate\\Http\\Request))
#41 E:\\Fahim_cafe_-Final\\Fahim cafe -Final\\NewProject-master-master\\vendor\\laravel\\framework\\src\\Illuminate\\Pipeline\\Pipeline.php(171): Illuminate\\Foundation\\Http\\Middleware\\TransformsRequest->handle(Object(Illuminate\\Http\\Request), Object(Closure))
#42 E:\\Fahim_cafe_-Final\\Fahim cafe -Final\\NewProject-master-master\\vendor\\laravel\\framework\\src\\Illuminate\\Foundation\\Http\\Middleware\\TransformsRequest.php(21): Illuminate\\Pipeline\\Pipeline->Illuminate\\Pipeline\\{closure}(Object(Illuminate\\Http\\Request))
#43 E:\\Fahim_cafe_-Final\\Fahim cafe -Final\\NewProject-master-master\\vendor\\laravel\\framework\\src\\Illuminate\\Pipeline\\Pipeline.php(171): Illuminate\\Foundation\\Http\\Middleware\\TransformsRequest->handle(Object(Illuminate\\Http\\Request), Object(Closure))
#44 E:\\Fahim_cafe_-Final\\Fahim cafe -Final\\NewProject-master-master\\vendor\\laravel\\framework\\src\\Illuminate\\Foundation\\Http\\Middleware\\ValidatePostSize.php(27): Illuminate\\Pipeline\\Pipeline->Illuminate\\Pipeline\\{closure}(Object(Illuminate\\Http\\Request))
#45 E:\\Fahim_cafe_-Final\\Fahim cafe -Final\\NewProject-master-master\\vendor\\laravel\\framework\\src\\Illuminate\\Pipeline\\Pipeline.php(171): Illuminate\\Foundation\\Http\\Middleware\\ValidatePostSize->handle(Object(Illuminate\\Http\\Request), Object(Closure))
#46 E:\\Fahim_cafe_-Final\\Fahim cafe -Final\\NewProject-master-master\\vendor\\laravel\\framework\\src\\Illuminate\\Foundation\\Http\\Middleware\\CheckForMaintenanceMode.php(62): Illuminate\\Pipeline\\Pipeline->Illuminate\\Pipeline\\{closure}(Object(Illuminate\\Http\\Request))
#47 E:\\Fahim_cafe_-Final\\Fahim cafe -Final\\NewProject-master-master\\vendor\\laravel\\framework\\src\\Illuminate\\Pipeline\\Pipeline.php(171): Illuminate\\Foundation\\Http\\Middleware\\CheckForMaintenanceMode->handle(Object(Illuminate\\Http\\Request), Object(Closure))
#48 E:\\Fahim_cafe_-Final\\Fahim cafe -Final\\NewProject-master-master\\vendor\\fideloper\\proxy\\src\\TrustProxies.php(57): Illuminate\\Pipeline\\Pipeline->Illuminate\\Pipeline\\{closure}(Object(Illuminate\\Http\\Request))
#49 E:\\Fahim_cafe_-Final\\Fahim cafe -Final\\NewProject-master-master\\vendor\\laravel\\framework\\src\\Illuminate\\Pipeline\\Pipeline.php(171): Fideloper\\Proxy\\TrustProxies->handle(Object(Illuminate\\Http\\Request), Object(Closure))
#50 E:\\Fahim_cafe_-Final\\Fahim cafe -Final\\NewProject-master-master\\vendor\\laravel\\framework\\src\\Illuminate\\Pipeline\\Pipeline.php(105): Illuminate\\Pipeline\\Pipeline->Illuminate\\Pipeline\\{closure}(Object(Illuminate\\Http\\Request))
#51 E:\\Fahim_cafe_-Final\\Fahim cafe -Final\\NewProject-master-master\\vendor\\laravel\\framework\\src\\Illuminate\\Foundation\\Http\\Kernel.php(151): Illuminate\\Pipeline\\Pipeline->then(Object(Closure))
#52 E:\\Fahim_cafe_-Final\\Fahim cafe -Final\\NewProject-master-master\\vendor\\laravel\\framework\\src\\Illuminate\\Foundation\\Http\\Kernel.php(116): Illuminate\\Foundation\\Http\\Kernel->sendRequestThroughRouter(Object(Illuminate\\Http\\Request))
#53 E:\\Fahim_cafe_-Final\\Fahim cafe -Final\\NewProject-master-master\\public\\index.php(55): Illuminate\\Foundation\\Http\\Kernel->handle(Object(Illuminate\\Http\\Request))
#54 E:\\Fahim_cafe_-Final\\Fahim cafe -Final\\NewProject-master-master\\server.php(21): require_once('E:\\\\Fahim_cafe_-...')
#55 {main}

[previous exception] [object] (PDOException(code: 42S22): SQLSTATE[42S22]: Column not found: 1054 Unknown column 'amount' in 'field list' at E:\\Fahim_cafe_-Final\\Fahim cafe -Final\\NewProject-master-master\\vendor\\laravel\\framework\\src\\Illuminate\\Database\\Connection.php:327)
[stacktrace]
#0 E:\\Fahim_cafe_-Final\\Fahim cafe -Final\\NewProject-master-master\\vendor\\laravel\\framework\\src\\Illuminate\\Database\\Connection.php(327): PDO->prepare('select sum(`amo...')
#1 E:\\Fahim_cafe_-Final\\Fahim cafe -Final\\NewProject-master-master\\vendor\\laravel\\framework\\src\\Illuminate\\Database\\Connection.php(658): Illuminate\\Database\\Connection->Illuminate\\Database\\{closure}('select sum(`amo...', Array)
#2 E:\\Fahim_cafe_-Final\\Fahim cafe -Final\\NewProject-master-master\\vendor\\laravel\\framework\\src\\Illuminate\\Database\\Connection.php(625): Illuminate\\Database\\Connection->runQueryCallback('select sum(`amo...', Array, Object(Closure))
#3 E:\\Fahim_cafe_-Final\\Fahim cafe -Final\\NewProject-master-master\\vendor\\laravel\\framework\\src\\Illuminate\\Database\\Connection.php(334): Illuminate\\Database\\Connection->run('select sum(`amo...', Array, Object(Closure))
#4 E:\\Fahim_cafe_-Final\\Fahim cafe -Final\\NewProject-master-master\\vendor\\laravel\\framework\\src\\Illuminate\\Database\\Query\\Builder.php(2130): Illuminate\\Database\\Connection->select('select sum(`amo...', Array, true)
#5 E:\\Fahim_cafe_-Final\\Fahim cafe -Final\\NewProject-master-master\\vendor\\laravel\\framework\\src\\Illuminate\\Database\\Query\\Builder.php(2118): Illuminate\\Database\\Query\\Builder->runSelect()
#6 E:\\Fahim_cafe_-Final\\Fahim cafe -Final\\NewProject-master-master\\vendor\\laravel\\framework\\src\\Illuminate\\Database\\Query\\Builder.php(2584): Illuminate\\Database\\Query\\Builder->Illuminate\\Database\\Query\\{closure}()
#7 E:\\Fahim_cafe_-Final\\Fahim cafe -Final\\NewProject-master-master\\vendor\\laravel\\framework\\src\\Illuminate\\Database\\Query\\Builder.php(2119): Illuminate\\Database\\Query\\Builder->onceWithColumns(Array, Object(Closure))
#8 E:\\Fahim_cafe_-Final\\Fahim cafe -Final\\NewProject-master-master\\vendor\\laravel\\framework\\src\\Illuminate\\Database\\Query\\Builder.php(2511): Illuminate\\Database\\Query\\Builder->get(Array)
#9 E:\\Fahim_cafe_-Final\\Fahim cafe -Final\\NewProject-master-master\\vendor\\laravel\\framework\\src\\Illuminate\\Database\\Query\\Builder.php(2472): Illuminate\\Database\\Query\\Builder->aggregate('sum', Array)
#10 E:\\Fahim_cafe_-Final\\Fahim cafe -Final\\NewProject-master-master\\vendor\\laravel\\framework\\src\\Illuminate\\Database\\Eloquent\\Builder.php(1350): Illuminate\\Database\\Query\\Builder->sum('amount')
#11 E:\\Fahim_cafe_-Final\\Fahim cafe -Final\\NewProject-master-master\\app\\Http\\Controllers\\ReportController.php(39): Illuminate\\Database\\Eloquent\\Builder->__call('sum', Array)
#12 [internal function]: App\\Http\\Controllers\\ReportController->dateinput(Object(Illuminate\\Http\\Request))
#13 E:\\Fahim_cafe_-Final\\Fahim cafe -Final\\NewProject-master-master\\vendor\\laravel\\framework\\src\\Illuminate\\Routing\\Controller.php(54): call_user_func_array(Array, Array)
#14 E:\\Fahim_cafe_-Final\\Fahim cafe -Final\\NewProject-master-master\\vendor\\laravel\\framework\\src\\Illuminate\\Routing\\ControllerDispatcher.php(45): Illuminate\\Routing\\Controller->callAction('dateinput', Array)
#15 E:\\Fahim_cafe_-Final\\Fahim cafe -Final\\NewProject-master-master\\vendor\\laravel\\framework\\src\\Illuminate\\Routing\\Route.php(219): Illuminate\\Routing\\ControllerDispatcher->dispatch(Object(Illuminate\\Routing\\Route), Object(App\\Http\\Controllers\\ReportController), 'dateinput')
#16 E:\\Fahim_cafe_-Final\\Fahim cafe -Final\\NewProject-master-master\\vendor\\laravel\\framework\\src\\Illuminate\\Routing\\Route.php(176): Illuminate\\Routing\\Route->runController()
#17 E:\\Fahim_cafe_-Final\\Fahim cafe -Final\\NewProject-master-master\\vendor\\laravel\\framework\\src\\Illuminate\\Routing\\Router.php(680): Illuminate\\Routing\\Route->run()
#18 E:\\Fahim_cafe_-Final\\Fahim cafe -Final\\NewProject-master-master\\vendor\\laravel\\framework\\src\\Illuminate\\Pipeline\\Pipeline.php(130): Illuminate\\Routing\\Router->Illuminate\\Routing\\{closure}(Object(Illuminate\\Http\\Request))
#19 E:\\Fahim_cafe_-Final\\Fahim cafe -Final\\NewProject-master-master\\app\\Http\\Middleware\\Admin.php(22): Illuminate\\Pipeline\\Pipeline->Illuminate\\Pipeline\\{closure}(Object(Illuminate\\Http\\Request))
#20 E:\\Fahim_cafe_-Final\\Fahim cafe -Final\\NewProject-master-master\\vendor\\laravel\\framework\\src\\Illuminate\\Pipeline\\Pipeline.php(171): App\\Http\\Middleware\\Admin->handle(Object(Illuminate\\Http\\Request), Object(Closure))
#21 E:\\Fahim_cafe_-Final\\Fahim cafe -Final\\NewProject-master-master\\vendor\\laravel\\framework\\src\\Illuminate\\Routing\\Middleware\\SubstituteBindings.php(41): Illuminate\\Pipeline\\Pipeline->Illuminate\\Pipeline\\{closure}(Object(Illuminate\\Http\\Request))
#22 E:\\Fahim_cafe_-Final\\Fahim cafe -Final\\NewProject-master-master\\vendor\\laravel\\framework\\src\\Illuminate\\Pipeline\\Pipeline.php(171): Illuminate\\Routing\\Middleware\\SubstituteBindings->handle(Object(Illuminate\\Http\\Request), Object(Closure))
#23 E:\\Fahim_cafe_-Final\\Fahim cafe -Final\\NewProject-master-master\\vendor\\laravel\\framework\\src\\Illuminate\\Auth\\Middleware\\Authenticate.php(43): Illuminate\\Pipeline\\Pipeline->Illuminate\\Pipeline\\{closure}(Object(Illuminate\\Http\\Request))
#24 E:\\Fahim_cafe_-Final\\Fahim cafe -Final\\NewProject-master-master\\vendor\\laravel\\framework\\src\\Illuminate\\Pipeline\\Pipeline.php(171): Illuminate\\Auth\\Middleware\\Authenticate->handle(Object(Illuminate\\Http\\Request), Object(Closure))
#25 E:\\Fahim_cafe_-Final\\Fahim cafe -Final\\NewProject-master-master\\vendor\\laravel\\framework\\src\\Illuminate\\Foundation\\Http\\Middleware\\VerifyCsrfToken.php(76): Illuminate\\Pipeline\\Pipeline->Illuminate\\Pipeline\\{closure}(Object(Illuminate\\Http\\Request))
#26 E:\\Fahim_cafe_-Final\\Fahim cafe -Final\\NewProject-master-master\\vendor\\laravel\\framework\\src\\Illuminate\\Pipeline\\Pipeline.php(171): Illuminate\\Foundation\\Http\\Middleware\\VerifyCsrfToken->handle(Object(Illuminate\\Http\\Request), Object(Closure))
#27 E:\\Fahim_cafe_-Final\\Fahim cafe -Final\\NewProject-master-master\\vendor\\laravel\\framework\\src\\Illuminate\\View\\Middleware\\ShareErrorsFromSession.php(49): Illuminate\\Pipeline\\Pipeline->Illuminate\\Pipeline\\{closure}(Object(Illuminate\\Http\\Request))
#28 E:\\Fahim_cafe_-Final\\Fahim cafe -Final\\NewProject-master-master\\vendor\\laravel\\framework\\src\\Illuminate\\Pipeline\\Pipeline.php(171): Illuminate\\View\\Middleware\\ShareErrorsFromSession->handle(Object(Illuminate\\Http\\Request), Object(Closure))
#29 E:\\Fahim_cafe_-Final\\Fahim cafe -Final\\NewProject-master-master\\vendor\\laravel\\framework\\src\\Illuminate\\Session\\Middleware\\StartSession.php(56): Illuminate\\Pipeline\\Pipeline->Illuminate\\Pipeline\\{closure}(Object(Illuminate\\Http\\Request))
#30 E:\\Fahim_cafe_-Final\\Fahim cafe -Final\\NewProject-master-master\\vendor\\laravel\\framework\\src\\Illuminate\\Pipeline\\Pipeline.php(171): Illuminate\\Session\\Middleware\\StartSession->handle(Object(Illuminate\\Http\\Request), Object(Closure))
#31 E:\\Fahim_cafe_-Final\\Fahim cafe -Final\\NewProject-master-master\\vendor\\laravel\\framework\\src\\Illuminate\\Cookie\\Middleware\\AddQueuedCookiesToResponse.php(37): Illuminate\\Pipeline\\Pipeline->Illuminate\\Pipeline\\{closure}(Object(Illuminate\\Http\\Request))
#32 E:\\Fahim_cafe_-Final\\Fahim cafe -Final\\NewProject-master-master\\vendor\\laravel\\framework\\src\\Illuminate\\Pipeline\\Pipeline.php(171): Illuminate\\Cookie\\Middleware\\AddQueuedCookiesToResponse->handle(Object(Illuminate\\Http\\Request), Object(Closure))
#33 E:\\Fahim_cafe_-Final\\Fahim cafe -Final\\NewProject-master-master\\vendor\\laravel\\framework\\src\\Illuminate\\Cookie\\Middleware\\EncryptCookies.php(66): Illuminate\\Pipeline\\Pipeline->Illuminate\\Pipeline\\{closure}(Object(Illuminate\\Http\\Request))
#34 E:\\Fahim_cafe_-Final\\Fahim cafe -Final\\NewProject-master-master\\vendor\\laravel\\framework\\src\\Illuminate\\Pipeline\\Pipeline.php(171): Illuminate\\Cookie\\Middleware\\EncryptCookies->handle(Object(Illuminate\\Http\\Request), Object(Closure))
#35 E:\\Fahim_cafe_-Final\\Fahim cafe -Final\\NewProject-master-master\\vendor\\laravel\\framework\\src\\Illuminate\\Pipeline\\Pipeline.php(105): Illuminate\\Pipeline\\Pipeline->Illuminate\\Pipeline\\{closure}(Object(Illuminate\\Http\\Request))
#36 E:\\Fahim_cafe_-Final\\Fahim cafe -Final\\NewProject-master-master\\vendor\\laravel\\framework\\src\\Illuminate\\Routing\\Router.php(682): Illuminate\\Pipeline\\Pipeline->then(Object(Closure))
#37 E:\\Fahim_cafe_-Final\\Fahim cafe -Final\\NewProject-master-master\\vendor\\laravel\\framework\\src\\Illuminate\\Routing\\Router.php(657): Illuminate\\Routing\\Router->runRouteWithinStack(Object(Illuminate\\Routing\\Route), Object(Illuminate\\Http\\Request))
#38 E:\\Fahim_cafe_-Final\\Fahim cafe -Final\\NewProject-master-master\\vendor\\laravel\\framework\\src\\Illuminate\\Routing\\Router.php(623): Illuminate\\Routing\\Router->runRoute(Object(Illuminate\\Http\\Request), Object(Illuminate\\Routing\\Route))
#39 E:\\Fahim_cafe_-Final\\Fahim cafe -Final\\NewProject-master-master\\vendor\\laravel\\framework\\src\\Illuminate\\Routing\\Router.php(612): Illuminate\\Routing\\Router->dispatchToRoute(Object(Illuminate\\Http\\Request))
#40 E:\\Fahim_cafe_-Final\\Fahim cafe -Final\\NewProject-master-master\\vendor\\laravel\\framework\\src\\Illuminate\\Foundation\\Http\\Kernel.php(176): Illuminate\\Routing\\Router->dispatch(Object(Illuminate\\Http\\Request))
#41 E:\\Fahim_cafe_-Final\\Fahim cafe -Final\\NewProject-master-master\\vendor\\laravel\\framework\\src\\Illuminate\\Pipeline\\Pipeline.php(130): Illuminate\\Foundation\\Http\\Kernel->Illuminate\\Foundation\\Http\\{closure}(Object(Illuminate\\Http\\Request))
#42 E:\\Fahim_cafe_-Final\\Fahim cafe -Final\\NewProject-master-master\\vendor\\laravel\\framework\\src\\Illuminate\\Foundation\\Http\\Middleware\\TransformsRequest.php(21): Illuminate\\Pipeline\\Pipeline->Illuminate\\Pipeline\\{closure}(Object(Illuminate\\Http\\Request))
#43 E:\\Fahim_cafe_-Final\\Fahim cafe -Final\\NewProject-master-master\\vendor\\laravel\\framework\\src\\Illuminate\\Pipeline\\Pipeline.php(171): Illuminate\\Foundation\\Http\\Middleware\\TransformsRequest->handle(Object(Illuminate\\Http\\Request), Object(Closure))
#44 E:\\Fahim_cafe_-Final\\Fahim cafe -Final\\NewProject-master-master\\vendor\\laravel\\framework\\src\\Illuminate\\Foundation\\Http\\Middleware\\TransformsRequest.php(21): Illuminate\\Pipeline\\Pipeline->Illuminate\\Pipeline\\{closure}(Object(Illuminate\\Http\\Request))
#45 E:\\Fahim_cafe_-Final\\Fahim cafe -Final\\NewProject-master-master\\vendor\\laravel\\framework\\src\\Illuminate\\Pipeline\\Pipeline.php(171): Illuminate\\Foundation\\Http\\Middleware\\TransformsRequest->handle(Object(Illuminate\\Http\\Request), Object(Closure))
#46 E:\\Fahim_cafe_-Final\\Fahim cafe -Final\\NewProject-master-master\\vendor\\laravel\\framework\\src\\Illuminate\\Foundation\\Http\\Middleware\\ValidatePostSize.php(27): Illuminate\\Pipeline\\Pipeline->Illuminate\\Pipeline\\{closure}(Object(Illuminate\\Http\\Request))
#47 E:\\Fahim_cafe_-Final\\Fahim cafe -Final\\NewProject-master-master\\vendor\\laravel\\framework\\src\\Illuminate\\Pipeline\\Pipeline.php(171): Illuminate\\Foundation\\Http\\Middleware\\ValidatePostSize->handle(Object(Illuminate\\Http\\Request), Object(Closure))
#48 E:\\Fahim_cafe_-Final\\Fahim cafe -Final\\NewProject-master-master\\vendor\\laravel\\framework\\src\\Illuminate\\Foundation\\Http\\Middleware\\CheckForMaintenanceMode.php(62): Illuminate\\Pipeline\\Pipeline->Illuminate\\Pipeline\\{closure}(Object(Illuminate\\Http\\Request))
#49 E:\\Fahim_cafe_-Final\\Fahim cafe -Final\\NewProject-master-master\\vendor\\laravel\\framework\\src\\Illuminate\\Pipeline\\Pipeline.php(171): Illuminate\\Foundation\\Http\\Middleware\\CheckForMaintenanceMode->handle(Object(Illuminate\\Http\\Request), Object(Closure))
#50 E:\\Fahim_cafe_-Final\\Fahim cafe -Final\\NewProject-master-master\\vendor\\fideloper\\proxy\\src\\TrustProxies.php(57): Illuminate\\Pipeline\\Pipeline->Illuminate\\Pipeline\\{closure}(Object(Illuminate\\Http\\Request))
#51 E:\\Fahim_cafe_-Final\\Fahim cafe -Final\\NewProject-master-master\\vendor\\laravel\\framework\\src\\Illuminate\\Pipeline\\Pipeline.php(171): Fideloper\\Proxy\\TrustProxies->handle(Object(Illuminate\\Http\\Request), Object(Closure))
#52 E:\\Fahim_cafe_-Final\\Fahim cafe -Final\\NewProject-master-master\\vendor\\laravel\\framework\\src\\Illuminate\\Pipeline\\Pipeline.php(105): Illuminate\\Pipeline\\Pipeline->Illuminate\\Pipeline\\{closure}(Object(Illuminate\\Http\\Request))
#53 E:\\Fahim_cafe_-Final\\Fahim cafe -Final\\NewProject-master-master\\vendor\\laravel\\framework\\src\\Illuminate\\Foundation\\Http\\Kernel.php(151): Illuminate\\Pipeline\\Pipeline->then(Object(Closure))
#54 E:\\Fahim_cafe_-Final\\Fahim cafe -Final\\NewProject-master-master\\vendor\\laravel\\framework\\src\\Illuminate\\Foundation\\Http\\Kernel.php(116): Illuminate\\Foundation\\Http\\Kernel->sendRequestThroughRouter(Object(Illuminate\\Http\\Request))
#55 E:\\Fahim_cafe_-Final\\Fahim cafe -Final\\NewProject-master-master\\public\\index.php(55): Illuminate\\Foundation\\Http\\Kernel->handle(Object(Illuminate\\Http\\Request))
#56 E:\\Fahim_cafe_-Final\\Fahim cafe -Final\\NewProject-master-master\\server.php(21): require_once('E:\\\\Fahim_cafe_-...')
#57 {main}
"} 
