[2020-07-05 03:07:31] local.ERROR: Command "make:auth" is not defined.

Did you mean one of these?
    make:channel
    make:command
    make:controller
    make:event
    make:exception
    make:factory
    make:job
    make:listener
    make:mail
    make:middleware
    make:migration
    make:model
    make:notification
    make:observer
    make:policy
    make:provider
    make:request
    make:resource
    make:rule
    make:seeder
    make:test
    ui:auth {"exception":"[object] (Symfony\\Component\\Console\\Exception\\CommandNotFoundException(code: 0): Command \"make:auth\" is not defined.

Did you mean one of these?
    make:channel
    make:command
    make:controller
    make:event
    make:exception
    make:factory
    make:job
    make:listener
    make:mail
    make:middleware
    make:migration
    make:model
    make:notification
    make:observer
    make:policy
    make:provider
    make:request
    make:resource
    make:rule
    make:seeder
    make:test
    ui:auth at E:\\Laravel Projects\\Restaurant mamagement system\\Fahim_cafe_-Final\\Fahim cafe -Final\\RMRS\\vendor\\symfony\\console\\Application.php:670)
[stacktrace]
#0 E:\\Laravel Projects\\Restaurant mamagement system\\Fahim_cafe_-Final\\Fahim cafe -Final\\RMRS\\vendor\\symfony\\console\\Application.php(236): Symfony\\Component\\Console\\Application->find('make:auth')
#1 E:\\Laravel Projects\\Restaurant mamagement system\\Fahim_cafe_-Final\\Fahim cafe -Final\\RMRS\\vendor\\symfony\\console\\Application.php(148): Symfony\\Component\\Console\\Application->doRun(Object(Symfony\\Component\\Console\\Input\\ArgvInput), Object(Symfony\\Component\\Console\\Output\\ConsoleOutput))
#2 E:\\Laravel Projects\\Restaurant mamagement system\\Fahim_cafe_-Final\\Fahim cafe -Final\\RMRS\\vendor\\laravel\\framework\\src\\Illuminate\\Console\\Application.php(90): Symfony\\Component\\Console\\Application->run(Object(Symfony\\Component\\Console\\Input\\ArgvInput), Object(Symfony\\Component\\Console\\Output\\ConsoleOutput))
#3 E:\\Laravel Projects\\Restaurant mamagement system\\Fahim_cafe_-Final\\Fahim cafe -Final\\RMRS\\vendor\\laravel\\framework\\src\\Illuminate\\Foundation\\Console\\Kernel.php(131): Illuminate\\Console\\Application->run(Object(Symfony\\Component\\Console\\Input\\ArgvInput), Object(Symfony\\Component\\Console\\Output\\ConsoleOutput))
#4 E:\\Laravel Projects\\Restaurant mamagement system\\Fahim_cafe_-Final\\Fahim cafe -Final\\RMRS\\artisan(37): Illuminate\\Foundation\\Console\\Kernel->handle(Object(Symfony\\Component\\Console\\Input\\ArgvInput), Object(Symfony\\Component\\Console\\Output\\ConsoleOutput))
#5 {main}
"} 
[2020-07-05 03:09:46] local.ERROR: Command "make:auth" is not defined.

Did you mean one of these?
    make:channel
    make:command
    make:controller
    make:event
    make:exception
    make:factory
    make:job
    make:listener
    make:mail
    make:middleware
    make:migration
    make:model
    make:notification
    make:observer
    make:policy
    make:provider
    make:request
    make:resource
    make:rule
    make:seeder
    make:test
    ui:auth {"exception":"[object] (Symfony\\Component\\Console\\Exception\\CommandNotFoundException(code: 0): Command \"make:auth\" is not defined.

Did you mean one of these?
    make:channel
    make:command
    make:controller
    make:event
    make:exception
    make:factory
    make:job
    make:listener
    make:mail
    make:middleware
    make:migration
    make:model
    make:notification
    make:observer
    make:policy
    make:provider
    make:request
    make:resource
    make:rule
    make:seeder
    make:test
    ui:auth at E:\\Laravel Projects\\Restaurant mamagement system\\Fahim_cafe_-Final\\Fahim cafe -Final\\RMRS\\vendor\\symfony\\console\\Application.php:670)
[stacktrace]
#0 E:\\Laravel Projects\\Restaurant mamagement system\\Fahim_cafe_-Final\\Fahim cafe -Final\\RMRS\\vendor\\symfony\\console\\Application.php(236): Symfony\\Component\\Console\\Application->find('make:auth')
#1 E:\\Laravel Projects\\Restaurant mamagement system\\Fahim_cafe_-Final\\Fahim cafe -Final\\RMRS\\vendor\\symfony\\console\\Application.php(148): Symfony\\Component\\Console\\Application->doRun(Object(Symfony\\Component\\Console\\Input\\ArgvInput), Object(Symfony\\Component\\Console\\Output\\ConsoleOutput))
#2 E:\\Laravel Projects\\Restaurant mamagement system\\Fahim_cafe_-Final\\Fahim cafe -Final\\RMRS\\vendor\\laravel\\framework\\src\\Illuminate\\Console\\Application.php(90): Symfony\\Component\\Console\\Application->run(Object(Symfony\\Component\\Console\\Input\\ArgvInput), Object(Symfony\\Component\\Console\\Output\\ConsoleOutput))
#3 E:\\Laravel Projects\\Restaurant mamagement system\\Fahim_cafe_-Final\\Fahim cafe -Final\\RMRS\\vendor\\laravel\\framework\\src\\Illuminate\\Foundation\\Console\\Kernel.php(131): Illuminate\\Console\\Application->run(Object(Symfony\\Component\\Console\\Input\\ArgvInput), Object(Symfony\\Component\\Console\\Output\\ConsoleOutput))
#4 E:\\Laravel Projects\\Restaurant mamagement system\\Fahim_cafe_-Final\\Fahim cafe -Final\\RMRS\\artisan(37): Illuminate\\Foundation\\Console\\Kernel->handle(Object(Symfony\\Component\\Console\\Input\\ArgvInput), Object(Symfony\\Component\\Console\\Output\\ConsoleOutput))
#5 {main}
"} 
